[2016-11-08 15:20:53] Asrac.INFO: Matched route "home". {"route_parameters":{"_controller":"Asrac\\Controller\\HomeController::indexAction","_route":"home"},"request_uri":"http://localhost/Asrac/web/"} []
[2016-11-08 15:20:53] Asrac.INFO: > GET /Asrac/web/ [] []
[2016-11-08 15:21:07] Asrac.INFO: Matched route "home". {"route_parameters":{"_controller":"Asrac\\Controller\\HomeController::indexAction","_route":"home"},"request_uri":"http://localhost/Asrac/web/"} []
[2016-11-08 15:21:07] Asrac.INFO: > GET /Asrac/web/ [] []
[2016-11-08 15:21:08] Asrac.CRITICAL: Twig_Error_Runtime: An exception has been thrown during the rendering of a template ("Unable to generate a URL for the named route "article" as such route does not exist.") in "index.html.twig" at line 18. (uncaught exception) at /home/pcapprenant17/Documents/Asrac/vendor/twig/twig/lib/Twig/Template.php line 353 {"exception":"[object] (Twig_Error_Runtime(code: 0): An exception has been thrown during the rendering of a template (\"Unable to generate a URL for the named route \"article\" as such route does not exist.\") in \"index.html.twig\" at line 18. at /home/pcapprenant17/Documents/Asrac/vendor/twig/twig/lib/Twig/Template.php:353, Symfony\\Component\\Routing\\Exception\\RouteNotFoundException(code: 0): Unable to generate a URL for the named route \"article\" as such route does not exist. at /home/pcapprenant17/Documents/Asrac/vendor/symfony/routing/Generator/UrlGenerator.php:130)"} []
[2016-11-08 15:21:08] Asrac.INFO: < 500 [] []
[2016-11-08 15:21:19] Asrac.INFO: Matched route "home". {"route_parameters":{"_controller":"Asrac\\Controller\\HomeController::indexAction","_route":"home"},"request_uri":"http://localhost/Asrac/web/"} []
[2016-11-08 15:21:19] Asrac.INFO: > GET /Asrac/web/ [] []
[2016-11-08 15:21:19] Asrac.CRITICAL: Twig_Error_Runtime: An exception has been thrown during the rendering of a template ("Unable to generate a URL for the named route "article" as such route does not exist.") in "index.html.twig" at line 18. (uncaught exception) at /home/pcapprenant17/Documents/Asrac/vendor/twig/twig/lib/Twig/Template.php line 353 {"exception":"[object] (Twig_Error_Runtime(code: 0): An exception has been thrown during the rendering of a template (\"Unable to generate a URL for the named route \"article\" as such route does not exist.\") in \"index.html.twig\" at line 18. at /home/pcapprenant17/Documents/Asrac/vendor/twig/twig/lib/Twig/Template.php:353, Symfony\\Component\\Routing\\Exception\\RouteNotFoundException(code: 0): Unable to generate a URL for the named route \"article\" as such route does not exist. at /home/pcapprenant17/Documents/Asrac/vendor/symfony/routing/Generator/UrlGenerator.php:130)"} []
[2016-11-08 15:21:19] Asrac.INFO: < 500 [] []
[2016-11-08 15:22:29] Asrac.INFO: Matched route "home". {"route_parameters":{"_controller":"Asrac\\Controller\\HomeController::indexAction","_route":"home"},"request_uri":"http://localhost/Asrac/web/"} []
[2016-11-08 15:22:29] Asrac.INFO: > GET /Asrac/web/ [] []
[2016-11-08 15:22:29] Asrac.CRITICAL: Twig_Error_Runtime: An exception has been thrown during the rendering of a template ("Unable to generate a URL for the named route "article" as such route does not exist.") in "index.html.twig" at line 18. (uncaught exception) at /home/pcapprenant17/Documents/Asrac/vendor/twig/twig/lib/Twig/Template.php line 353 {"exception":"[object] (Twig_Error_Runtime(code: 0): An exception has been thrown during the rendering of a template (\"Unable to generate a URL for the named route \"article\" as such route does not exist.\") in \"index.html.twig\" at line 18. at /home/pcapprenant17/Documents/Asrac/vendor/twig/twig/lib/Twig/Template.php:353, Symfony\\Component\\Routing\\Exception\\RouteNotFoundException(code: 0): Unable to generate a URL for the named route \"article\" as such route does not exist. at /home/pcapprenant17/Documents/Asrac/vendor/symfony/routing/Generator/UrlGenerator.php:130)"} []
[2016-11-08 15:22:29] Asrac.INFO: < 500 [] []
[2016-11-08 15:24:08] Asrac.INFO: Matched route "home". {"route_parameters":{"_controller":"Asrac\\Controller\\HomeController::indexAction","_route":"home"},"request_uri":"http://localhost/Asrac/web/"} []
[2016-11-08 15:24:08] Asrac.INFO: > GET /Asrac/web/ [] []
[2016-11-08 15:24:08] Asrac.INFO: < 200 [] []
[2016-11-08 15:24:52] Asrac.INFO: Matched route "home". {"route_parameters":{"_controller":"Asrac\\Controller\\HomeController::indexAction","_route":"home"},"request_uri":"http://localhost/Asrac/web/"} []
[2016-11-08 15:24:52] Asrac.INFO: > GET /Asrac/web/ [] []
[2016-11-08 15:24:52] Asrac.INFO: < 200 [] []
[2016-11-08 16:02:52] Asrac.INFO: Matched route "home". {"route_parameters":{"_controller":"Asrac\\Controller\\HomeController::indexAction","_route":"home"},"request_uri":"http://localhost/Asrac/web/"} []
[2016-11-08 16:02:52] Asrac.INFO: > GET /Asrac/web/ [] []
[2016-11-08 16:02:52] Asrac.INFO: < 200 [] []
[2016-11-08 16:10:56] Asrac.INFO: Matched route "home". {"route_parameters":{"_controller":"Asrac\\Controller\\HomeController::indexAction","_route":"home"},"request_uri":"http://localhost/Asrac/web/"} []
[2016-11-08 16:10:56] Asrac.INFO: > GET /Asrac/web/ [] []
[2016-11-08 16:10:56] Asrac.INFO: < 200 [] []
[2016-11-08 16:11:10] Asrac.INFO: Matched route "home". {"route_parameters":{"_controller":"Asrac\\Controller\\HomeController::indexAction","_route":"home"},"request_uri":"http://asrac/"} []
[2016-11-08 16:11:10] Asrac.INFO: > GET / [] []
[2016-11-08 16:11:10] Asrac.INFO: < 200 [] []
[2016-11-08 16:11:10] Asrac.ERROR: Symfony\Component\HttpKernel\Exception\NotFoundHttpException: No route found for "GET /lib/bootstrap/css/bootstrap.min.css" (from "http://asrac/") (uncaught exception) at /home/pcapprenant17/Documents/Asrac/vendor/symfony/http-kernel/EventListener/RouterListener.php line 176 {"exception":"[object] (Symfony\\Component\\HttpKernel\\Exception\\NotFoundHttpException(code: 0): No route found for \"GET /lib/bootstrap/css/bootstrap.min.css\" (from \"http://asrac/\") at /home/pcapprenant17/Documents/Asrac/vendor/symfony/http-kernel/EventListener/RouterListener.php:176, Symfony\\Component\\Routing\\Exception\\ResourceNotFoundException(code: 0): No routes found for \"/lib/bootstrap/css/bootstrap.min.css\". at /home/pcapprenant17/Documents/Asrac/vendor/symfony/routing/Matcher/UrlMatcher.php:98)"} []
[2016-11-08 16:11:10] Asrac.ERROR: Symfony\Component\HttpKernel\Exception\NotFoundHttpException: No route found for "GET /lib/Font-awesome/css/font-awesome.css" (from "http://asrac/") (uncaught exception) at /home/pcapprenant17/Documents/Asrac/vendor/symfony/http-kernel/EventListener/RouterListener.php line 176 {"exception":"[object] (Symfony\\Component\\HttpKernel\\Exception\\NotFoundHttpException(code: 0): No route found for \"GET /lib/Font-awesome/css/font-awesome.css\" (from \"http://asrac/\") at /home/pcapprenant17/Documents/Asrac/vendor/symfony/http-kernel/EventListener/RouterListener.php:176, Symfony\\Component\\Routing\\Exception\\ResourceNotFoundException(code: 0): No routes found for \"/lib/Font-awesome/css/font-awesome.css\". at /home/pcapprenant17/Documents/Asrac/vendor/symfony/routing/Matcher/UrlMatcher.php:98)"} []
[2016-11-08 16:11:10] Asrac.INFO: < 404 [] []
[2016-11-08 16:11:11] Asrac.INFO: < 404 [] []
[2016-11-08 16:11:11] Asrac.ERROR: Symfony\Component\HttpKernel\Exception\NotFoundHttpException: No route found for "GET /css/styles.css" (from "http://asrac/") (uncaught exception) at /home/pcapprenant17/Documents/Asrac/vendor/symfony/http-kernel/EventListener/RouterListener.php line 176 {"exception":"[object] (Symfony\\Component\\HttpKernel\\Exception\\NotFoundHttpException(code: 0): No route found for \"GET /css/styles.css\" (from \"http://asrac/\") at /home/pcapprenant17/Documents/Asrac/vendor/symfony/http-kernel/EventListener/RouterListener.php:176, Symfony\\Component\\Routing\\Exception\\ResourceNotFoundException(code: 0): No routes found for \"/css/styles.css\". at /home/pcapprenant17/Documents/Asrac/vendor/symfony/routing/Matcher/UrlMatcher.php:98)"} []
[2016-11-08 16:11:11] Asrac.INFO: < 404 [] []
[2016-11-08 16:11:11] Asrac.ERROR: Symfony\Component\HttpKernel\Exception\NotFoundHttpException: No route found for "GET /images/Articles/image_test" (from "http://asrac/") (uncaught exception) at /home/pcapprenant17/Documents/Asrac/vendor/symfony/http-kernel/EventListener/RouterListener.php line 176 {"exception":"[object] (Symfony\\Component\\HttpKernel\\Exception\\NotFoundHttpException(code: 0): No route found for \"GET /images/Articles/image_test\" (from \"http://asrac/\") at /home/pcapprenant17/Documents/Asrac/vendor/symfony/http-kernel/EventListener/RouterListener.php:176, Symfony\\Component\\Routing\\Exception\\ResourceNotFoundException(code: 0): No routes found for \"/images/Articles/image_test\". at /home/pcapprenant17/Documents/Asrac/vendor/symfony/routing/Matcher/UrlMatcher.php:98)"} []
[2016-11-08 16:11:11] Asrac.INFO: < 404 [] []
[2016-11-08 16:11:11] Asrac.INFO: Matched route "_wdt". {"route_parameters":{"_controller":"web_profiler.controller.profiler:toolbarAction","token":"c94557","_route":"_wdt"},"request_uri":"http://asrac/_profiler/wdt/c94557"} []
[2016-11-08 16:11:11] Asrac.INFO: > GET /_profiler/wdt/c94557 [] []
[2016-11-08 16:11:11] Asrac.ERROR: Symfony\Component\HttpKernel\Exception\NotFoundHttpException: No route found for "GET /favicon.ico" (uncaught exception) at /home/pcapprenant17/Documents/Asrac/vendor/symfony/http-kernel/EventListener/RouterListener.php line 176 {"exception":"[object] (Symfony\\Component\\HttpKernel\\Exception\\NotFoundHttpException(code: 0): No route found for \"GET /favicon.ico\" at /home/pcapprenant17/Documents/Asrac/vendor/symfony/http-kernel/EventListener/RouterListener.php:176, Symfony\\Component\\Routing\\Exception\\ResourceNotFoundException(code: 0): No routes found for \"/favicon.ico\". at /home/pcapprenant17/Documents/Asrac/vendor/symfony/routing/Matcher/UrlMatcher.php:98)"} []
[2016-11-08 16:11:11] Asrac.INFO: < 404 [] []
[2016-11-08 16:11:11] Asrac.ERROR: Symfony\Component\HttpKernel\Exception\NotFoundHttpException: No route found for "GET /favicon.ico" (uncaught exception) at /home/pcapprenant17/Documents/Asrac/vendor/symfony/http-kernel/EventListener/RouterListener.php line 176 {"exception":"[object] (Symfony\\Component\\HttpKernel\\Exception\\NotFoundHttpException(code: 0): No route found for \"GET /favicon.ico\" at /home/pcapprenant17/Documents/Asrac/vendor/symfony/http-kernel/EventListener/RouterListener.php:176, Symfony\\Component\\Routing\\Exception\\ResourceNotFoundException(code: 0): No routes found for \"/favicon.ico\". at /home/pcapprenant17/Documents/Asrac/vendor/symfony/routing/Matcher/UrlMatcher.php:98)"} []
[2016-11-08 16:11:11] Asrac.INFO: < 404 [] []
[2016-11-08 16:11:11] Asrac.INFO: < 200 [] []
[2016-11-08 16:17:19] Asrac.INFO: Matched route "home". {"route_parameters":{"_controller":"Asrac\\Controller\\HomeController::indexAction","_route":"home"},"request_uri":"http://asrac/"} []
[2016-11-08 16:17:19] Asrac.INFO: > GET / [] []
[2016-11-08 16:17:19] Asrac.INFO: < 200 [] []
[2016-11-08 16:17:19] Asrac.ERROR: Symfony\Component\HttpKernel\Exception\NotFoundHttpException: No route found for "GET /lib/bootstrap/css/bootstrap.min.css" (from "http://asrac/") (uncaught exception) at /home/pcapprenant17/Documents/Asrac/vendor/symfony/http-kernel/EventListener/RouterListener.php line 176 {"exception":"[object] (Symfony\\Component\\HttpKernel\\Exception\\NotFoundHttpException(code: 0): No route found for \"GET /lib/bootstrap/css/bootstrap.min.css\" (from \"http://asrac/\") at /home/pcapprenant17/Documents/Asrac/vendor/symfony/http-kernel/EventListener/RouterListener.php:176, Symfony\\Component\\Routing\\Exception\\ResourceNotFoundException(code: 0): No routes found for \"/lib/bootstrap/css/bootstrap.min.css\". at /home/pcapprenant17/Documents/Asrac/vendor/symfony/routing/Matcher/UrlMatcher.php:98)"} []
[2016-11-08 16:17:19] Asrac.INFO: < 404 [] []
[2016-11-08 16:17:19] Asrac.ERROR: Symfony\Component\HttpKernel\Exception\NotFoundHttpException: No route found for "GET /lib/Font-awesome/css/font-awesome.css" (from "http://asrac/") (uncaught exception) at /home/pcapprenant17/Documents/Asrac/vendor/symfony/http-kernel/EventListener/RouterListener.php line 176 {"exception":"[object] (Symfony\\Component\\HttpKernel\\Exception\\NotFoundHttpException(code: 0): No route found for \"GET /lib/Font-awesome/css/font-awesome.css\" (from \"http://asrac/\") at /home/pcapprenant17/Documents/Asrac/vendor/symfony/http-kernel/EventListener/RouterListener.php:176, Symfony\\Component\\Routing\\Exception\\ResourceNotFoundException(code: 0): No routes found for \"/lib/Font-awesome/css/font-awesome.css\". at /home/pcapprenant17/Documents/Asrac/vendor/symfony/routing/Matcher/UrlMatcher.php:98)"} []
[2016-11-08 16:17:19] Asrac.INFO: < 404 [] []
[2016-11-08 16:17:19] Asrac.ERROR: Symfony\Component\HttpKernel\Exception\NotFoundHttpException: No route found for "GET /css/styles.css" (from "http://asrac/") (uncaught exception) at /home/pcapprenant17/Documents/Asrac/vendor/symfony/http-kernel/EventListener/RouterListener.php line 176 {"exception":"[object] (Symfony\\Component\\HttpKernel\\Exception\\NotFoundHttpException(code: 0): No route found for \"GET /css/styles.css\" (from \"http://asrac/\") at /home/pcapprenant17/Documents/Asrac/vendor/symfony/http-kernel/EventListener/RouterListener.php:176, Symfony\\Component\\Routing\\Exception\\ResourceNotFoundException(code: 0): No routes found for \"/css/styles.css\". at /home/pcapprenant17/Documents/Asrac/vendor/symfony/routing/Matcher/UrlMatcher.php:98)"} []
[2016-11-08 16:17:19] Asrac.INFO: < 404 [] []
[2016-11-08 16:17:19] Asrac.ERROR: Symfony\Component\HttpKernel\Exception\NotFoundHttpException: No route found for "GET /images/Articles/image_test" (from "http://asrac/") (uncaught exception) at /home/pcapprenant17/Documents/Asrac/vendor/symfony/http-kernel/EventListener/RouterListener.php line 176 {"exception":"[object] (Symfony\\Component\\HttpKernel\\Exception\\NotFoundHttpException(code: 0): No route found for \"GET /images/Articles/image_test\" (from \"http://asrac/\") at /home/pcapprenant17/Documents/Asrac/vendor/symfony/http-kernel/EventListener/RouterListener.php:176, Symfony\\Component\\Routing\\Exception\\ResourceNotFoundException(code: 0): No routes found for \"/images/Articles/image_test\". at /home/pcapprenant17/Documents/Asrac/vendor/symfony/routing/Matcher/UrlMatcher.php:98)"} []
[2016-11-08 16:17:19] Asrac.INFO: < 404 [] []
[2016-11-08 16:17:20] Asrac.INFO: Matched route "_wdt". {"route_parameters":{"_controller":"web_profiler.controller.profiler:toolbarAction","token":"e5507b","_route":"_wdt"},"request_uri":"http://asrac/_profiler/wdt/e5507b"} []
[2016-11-08 16:17:20] Asrac.INFO: > GET /_profiler/wdt/e5507b [] []
[2016-11-08 16:17:20] Asrac.INFO: < 200 [] []
